<?xml version="1.0" encoding="UTF-8" standalone="no"?>
<!DOCTYPE log SYSTEM "logger.dtd">
<log>
<record>
  <date>2019-07-19T17:12:34</date>
  <millis>1563567154616</millis>
  <sequence>0</sequence>
  <level>START</level>
  <class>com.kms.katalon.core.logging.XmlKeywordLogger</class>
  <method>startSuite</method>
  <thread>1</thread>
  <message>Start Test Suite : Test Suites/WSInmuebles/TS inmueble (CUIT)</message>
  <nestedLevel>0</nestedLevel>
  <property name="name">TS inmueble (CUIT)</property>
  <property name="description"></property>
  <property name="id">Test Suites/WSInmuebles/TS inmueble (CUIT)</property>
</record>
<record>
  <date>2019-07-19T17:12:34</date>
  <millis>1563567154638</millis>
  <sequence>1</sequence>
  <level>RUN_DATA</level>
  <class>com.kms.katalon.core.logging.XmlKeywordLogger</class>
  <method>logMessage</method>
  <thread>1</thread>
  <message>hostName = maria - Marian-PC</message>
  <nestedLevel>0</nestedLevel>
  <property name="hostName">maria - Marian-PC</property>
</record>
<record>
  <date>2019-07-19T17:12:34</date>
  <millis>1563567154640</millis>
  <sequence>2</sequence>
  <level>RUN_DATA</level>
  <class>com.kms.katalon.core.logging.XmlKeywordLogger</class>
  <method>logMessage</method>
  <thread>1</thread>
  <message>os = Windows 10 64bit</message>
  <nestedLevel>0</nestedLevel>
  <property name="os">Windows 10 64bit</property>
</record>
<record>
  <date>2019-07-19T17:12:34</date>
  <millis>1563567154641</millis>
  <sequence>3</sequence>
  <level>RUN_DATA</level>
  <class>com.kms.katalon.core.logging.XmlKeywordLogger</class>
  <method>logMessage</method>
  <thread>1</thread>
  <message>hostAddress = 172.18.250.62</message>
  <nestedLevel>0</nestedLevel>
  <property name="hostAddress">172.18.250.62</property>
</record>
<record>
  <date>2019-07-19T17:12:34</date>
  <millis>1563567154642</millis>
  <sequence>4</sequence>
  <level>RUN_DATA</level>
  <class>com.kms.katalon.core.logging.XmlKeywordLogger</class>
  <method>logMessage</method>
  <thread>1</thread>
  <message>katalonVersion = 6.2.1.2</message>
  <nestedLevel>0</nestedLevel>
  <property name="katalonVersion">6.2.1.2</property>
</record>
<record>
  <date>2019-07-19T17:12:34</date>
  <millis>1563567154985</millis>
  <sequence>5</sequence>
  <level>START</level>
  <class>com.kms.katalon.core.logging.XmlKeywordLogger</class>
  <method>startTest</method>
  <thread>1</thread>
  <message>Start Test Case : Test Cases/WSInmuebles/afip mi inmueble ok (CUIT)</message>
  <nestedLevel>1</nestedLevel>
  <property name="name">Test Cases/WSInmuebles/afip mi inmueble ok (CUIT)</property>
  <property name="description"></property>
  <property name="id">Test Cases/WSInmuebles/afip mi inmueble ok (CUIT)</property>
  <property name="source">C:\\Users\\maria\\Desktop\\kolektor\\Testing\\Katalon\\CRM-TEST\\Test Cases\\WSInmuebles\\afip mi inmueble ok (CUIT).tc</property>
  <property name="tag"></property>
  <property name="isOptional">false</property>
</record>
<record>
  <date>2019-07-19T17:12:35</date>
  <millis>1563567155044</millis>
  <sequence>7</sequence>
  <level>INFO</level>
  <class>com.kms.katalon.core.logging.XmlKeywordLogger</class>
  <method>logMessage</method>
  <thread>1</thread>
  <message>t_cuit = 20083636123</message>
  <nestedLevel>1</nestedLevel>
</record>
<record>
  <date>2019-07-19T17:12:35</date>
  <millis>1563567155180</millis>
  <sequence>8</sequence>
  <level>INFO</level>
  <class>com.kms.katalon.core.logging.XmlKeywordLogger</class>
  <method>logMessage</method>
  <thread>1</thread>
  <message>(Default) t_token = PD94bWwgdmVyc2lvbj0iMS4wIiBlbmNvZGluZz0iVVRGLTgiPz48c3NvIHZlcnNpb249IjIuMCI+PGlkIGRzdD0iYWZpcC1nb2JjYmEiIGV4cF90aW1lPSIxNTUyMzM1MjY1IiBnZW5fdGltZT0iMTU1MjMzNDk2NSIgc3JjPSJjbj1BdXRoc2VydmVyLCBvdT1ERVNFSU4sIG89QUZJUCwgYz1BUiIgdW5pcXVlX2lkPSIzMDUyOTc5MzUyIi8+PG9wZXJhdGlvbiB0eXBlPSJsb2dpbiIgdmFsdWU9ImdyYW50ZWQiPjxsb2dpbiBhdXRobWV0aG9kPSJwYXNzcGhyYXNlIiBlbnRpdHk9IjMzNjkzNDUwMjM5IiByZWdtZXRob2Q9IjMiIHNlcnZpY2U9ImFmaXAtZ29iY2JhIiB1aWQ9IjIwMjgyNTE2MTI5Ij48cmVsYXRpb25zPjxyZWxhdGlvbiBrZXk9IjIwMjU5MDI4Mzk3IiByZWx0eXBlPSIxMiIvPjxyZWxhdGlvbiBrZXk9IjIwMjgyNTE2MTI5IiByZWx0eXBlPSIxMiIvPjxyZWxhdGlvbiBrZXk9IjI3MjY0ODUzNDY1IiByZWx0eXBlPSIxMiIvPjwvcmVsYXRpb25zPjwvbG9naW4+PC9vcGVyYXRpb24+PC9zc28+</message>
  <nestedLevel>1</nestedLevel>
</record>
<record>
  <date>2019-07-19T17:12:35</date>
  <millis>1563567155203</millis>
  <sequence>9</sequence>
  <level>INFO</level>
  <class>com.kms.katalon.core.logging.XmlKeywordLogger</class>
  <method>logMessage</method>
  <thread>1</thread>
  <message>(Default) t_sign = PIFVSC4Fo5BYX3jIDKNLeeZpifOqt4P0G6bzqLGGUmAZ8RkyRwoBD7DqHOAyModmpAd+KUIL6syQY2M6Nq31vBHceunOqf2xFu2zms5gArk9CHQas8IZZinDRzju++Qj5iDQSxZrhZf1wL8Usonj+zLzZDCc5JsVS6IKMybVU8Y=</message>
  <nestedLevel>1</nestedLevel>
</record>
<record>
  <date>2019-07-19T17:12:35</date>
  <millis>1563567155239</millis>
  <sequence>10</sequence>
  <level>INFO</level>
  <class>com.kms.katalon.core.logging.XmlKeywordLogger</class>
  <method>logMessage</method>
  <thread>1</thread>
  <message>(Default) t_campo = estado</message>
  <nestedLevel>1</nestedLevel>
</record>
<record>
  <date>2019-07-19T17:12:35</date>
  <millis>1563567155269</millis>
  <sequence>11</sequence>
  <level>INFO</level>
  <class>com.kms.katalon.core.logging.XmlKeywordLogger</class>
  <method>logMessage</method>
  <thread>1</thread>
  <message>(Default) t_varCampo = </message>
  <nestedLevel>1</nestedLevel>
</record>
<record>
  <date>2019-07-19T17:12:35</date>
  <millis>1563567155693</millis>
  <sequence>12</sequence>
  <level>START</level>
  <class>com.kms.katalon.core.logging.XmlKeywordLogger</class>
  <method>startKeyword</method>
  <thread>1</thread>
  <message>Start action : callTestCase(findTestCase(\&amp;quot;oauth-server/login afip ok\&amp;quot;), [\&amp;quot;t_servidor\&amp;quot;:g_servidor_oauth, \&amp;quot;t_http_username\&amp;quot;:\&amp;quot;klk-client\&amp;quot;, \&amp;quot;t_http_password\&amp;quot;:\&amp;quot;klk-secret\&amp;quot;, \&amp;quot;t_token\&amp;quot;:t_token, \&amp;quot;t_sign\&amp;quot;:t_sign], STOP_ON_FAILURE)</message>
  <nestedLevel>1</nestedLevel>
  <property name="startLine">17</property>
  <property name="stepIndex">1</property>
</record>
<record>
  <date>2019-07-19T17:12:36</date>
  <millis>1563567156119</millis>
  <sequence>15</sequence>
  <level>START</level>
  <class>com.kms.katalon.core.logging.XmlKeywordLogger</class>
  <method>startTest</method>
  <thread>1</thread>
  <message>Start Test Case : Test Cases/oauth-server/login afip ok</message>
  <nestedLevel>2</nestedLevel>
  <property name="name">Test Cases/oauth-server/login afip ok</property>
  <property name="description"></property>
  <property name="id">Test Cases/oauth-server/login afip ok</property>
  <property name="source">C:\\Users\\maria\\Desktop\\kolektor\\Testing\\Katalon\\CRM-TEST\\Test Cases\\oauth-server\\login afip ok.tc</property>
  <property name="tag"></property>
  <property name="isOptional">false</property>
</record>
<record>
  <date>2019-07-19T17:12:36</date>
  <millis>1563567156170</millis>
  <sequence>17</sequence>
  <level>INFO</level>
  <class>com.kms.katalon.core.logging.XmlKeywordLogger</class>
  <method>logMessage</method>
  <thread>1</thread>
  <message>t_servidor = https://apppreprod.rentascordoba.gob.ar</message>
  <nestedLevel>2</nestedLevel>
</record>
<record>
  <date>2019-07-19T17:12:36</date>
  <millis>1563567156172</millis>
  <sequence>18</sequence>
  <level>INFO</level>
  <class>com.kms.katalon.core.logging.XmlKeywordLogger</class>
  <method>logMessage</method>
  <thread>1</thread>
  <message>t_http_username = klk-client</message>
  <nestedLevel>2</nestedLevel>
</record>
<record>
  <date>2019-07-19T17:12:36</date>
  <millis>1563567156217</millis>
  <sequence>19</sequence>
  <level>INFO</level>
  <class>com.kms.katalon.core.logging.XmlKeywordLogger</class>
  <method>logMessage</method>
  <thread>1</thread>
  <message>t_http_password = klk-secret</message>
  <nestedLevel>2</nestedLevel>
</record>
<record>
  <date>2019-07-19T17:12:36</date>
  <millis>1563567156221</millis>
  <sequence>20</sequence>
  <level>INFO</level>
  <class>com.kms.katalon.core.logging.XmlKeywordLogger</class>
  <method>logMessage</method>
  <thread>1</thread>
  <message>t_token = PD94bWwgdmVyc2lvbj0iMS4wIiBlbmNvZGluZz0iVVRGLTgiPz48c3NvIHZlcnNpb249IjIuMCI+PGlkIGRzdD0iYWZpcC1nb2JjYmEiIGV4cF90aW1lPSIxNTUyMzM1MjY1IiBnZW5fdGltZT0iMTU1MjMzNDk2NSIgc3JjPSJjbj1BdXRoc2VydmVyLCBvdT1ERVNFSU4sIG89QUZJUCwgYz1BUiIgdW5pcXVlX2lkPSIzMDUyOTc5MzUyIi8+PG9wZXJhdGlvbiB0eXBlPSJsb2dpbiIgdmFsdWU9ImdyYW50ZWQiPjxsb2dpbiBhdXRobWV0aG9kPSJwYXNzcGhyYXNlIiBlbnRpdHk9IjMzNjkzNDUwMjM5IiByZWdtZXRob2Q9IjMiIHNlcnZpY2U9ImFmaXAtZ29iY2JhIiB1aWQ9IjIwMjgyNTE2MTI5Ij48cmVsYXRpb25zPjxyZWxhdGlvbiBrZXk9IjIwMjU5MDI4Mzk3IiByZWx0eXBlPSIxMiIvPjxyZWxhdGlvbiBrZXk9IjIwMjgyNTE2MTI5IiByZWx0eXBlPSIxMiIvPjxyZWxhdGlvbiBrZXk9IjI3MjY0ODUzNDY1IiByZWx0eXBlPSIxMiIvPjwvcmVsYXRpb25zPjwvbG9naW4+PC9vcGVyYXRpb24+PC9zc28+</message>
  <nestedLevel>2</nestedLevel>
</record>
<record>
  <date>2019-07-19T17:12:36</date>
  <millis>1563567156222</millis>
  <sequence>21</sequence>
  <level>INFO</level>
  <class>com.kms.katalon.core.logging.XmlKeywordLogger</class>
  <method>logMessage</method>
  <thread>1</thread>
  <message>t_sign = PIFVSC4Fo5BYX3jIDKNLeeZpifOqt4P0G6bzqLGGUmAZ8RkyRwoBD7DqHOAyModmpAd+KUIL6syQY2M6Nq31vBHceunOqf2xFu2zms5gArk9CHQas8IZZinDRzju++Qj5iDQSxZrhZf1wL8Usonj+zLzZDCc5JsVS6IKMybVU8Y=</message>
  <nestedLevel>2</nestedLevel>
</record>
<record>
  <date>2019-07-19T17:12:36</date>
  <millis>1563567156560</millis>
  <sequence>22</sequence>
  <level>START</level>
  <class>com.kms.katalon.core.logging.XmlKeywordLogger</class>
  <method>startKeyword</method>
  <thread>1</thread>
  <message>Start action : response = sendRequest(findTestObject(\&amp;quot;oauth-server/login afip\&amp;quot;, [\&amp;quot;r_servidor\&amp;quot;:g_servidor_oauth, \&amp;quot;r_http_username\&amp;quot;:\&amp;quot;klk-client\&amp;quot;, \&amp;quot;r_http_password\&amp;quot;:\&amp;quot;klk-secret\&amp;quot;, \&amp;quot;r_token\&amp;quot;:t_token, \&amp;quot;r_sign\&amp;quot;:t_sign]))</message>
  <nestedLevel>1</nestedLevel>
  <property name="startLine">17</property>
  <property name="stepIndex">1</property>
</record>
<record>
  <date>2019-07-19T17:12:38</date>
  <millis>1563567158176</millis>
  <sequence>25</sequence>
  <level>INFO</level>
  <class>com.kms.katalon.core.logging.XmlKeywordLogger</class>
  <method>logMessage</method>
  <thread>1</thread>
  <message>HAR: C:\\Users\\maria\\Desktop\\kolektor\\Testing\\Katalon\\CRM-TEST\\Reports\\WSInmuebles\\TS inmueble (CUIT)\\20190719_171231\\requests\\main\\0.har</message>
  <nestedLevel>2</nestedLevel>
  <property name="harId">a5f271dd-8962-4e5f-8f9c-8f287e4f5a6f</property>
</record>
<record>
  <date>2019-07-19T17:12:38</date>
  <millis>1563567158305</millis>
  <sequence>26</sequence>
  <level>PASSED</level>
  <class>com.kms.katalon.core.logging.XmlKeywordLogger</class>
  <method>logMessage</method>
  <thread>1</thread>
  <message>Send request successfully</message>
  <nestedLevel>2</nestedLevel>
</record>
<record>
  <date>2019-07-19T17:12:38</date>
  <millis>1563567158306</millis>
  <sequence>27</sequence>
  <level>END</level>
  <class>com.kms.katalon.core.logging.XmlKeywordLogger</class>
  <method>endKeyword</method>
  <thread>1</thread>
  <message>End action : response = sendRequest(findTestObject(\&amp;quot;oauth-server/login afip\&amp;quot;, [\&amp;quot;r_servidor\&amp;quot;:g_servidor_oauth, \&amp;quot;r_http_username\&amp;quot;:\&amp;quot;klk-client\&amp;quot;, \&amp;quot;r_http_password\&amp;quot;:\&amp;quot;klk-secret\&amp;quot;, \&amp;quot;r_token\&amp;quot;:t_token, \&amp;quot;r_sign\&amp;quot;:t_sign]))</message>
  <nestedLevel>1</nestedLevel>
</record>
<record>
  <date>2019-07-19T17:12:38</date>
  <millis>1563567158306</millis>
  <sequence>28</sequence>
  <level>START</level>
  <class>com.kms.katalon.core.logging.XmlKeywordLogger</class>
  <method>startKeyword</method>
  <thread>1</thread>
  <message>Start action : verifyResponseStatusCode(response, 200)</message>
  <nestedLevel>1</nestedLevel>
  <property name="startLine">20</property>
  <property name="stepIndex">2</property>
</record>
<record>
  <date>2019-07-19T17:12:38</date>
  <millis>1563567158326</millis>
  <sequence>30</sequence>
  <level>PASSED</level>
  <class>com.kms.katalon.core.logging.XmlKeywordLogger</class>
  <method>logMessage</method>
  <thread>1</thread>
  <message>Verify response status code successfully</message>
  <nestedLevel>2</nestedLevel>
</record>
<record>
  <date>2019-07-19T17:12:38</date>
  <millis>1563567158332</millis>
  <sequence>31</sequence>
  <level>END</level>
  <class>com.kms.katalon.core.logging.XmlKeywordLogger</class>
  <method>endKeyword</method>
  <thread>1</thread>
  <message>End action : verifyResponseStatusCode(response, 200)</message>
  <nestedLevel>1</nestedLevel>
</record>
<record>
  <date>2019-07-19T17:12:38</date>
  <millis>1563567158332</millis>
  <sequence>32</sequence>
  <level>START</level>
  <class>com.kms.katalon.core.logging.XmlKeywordLogger</class>
  <method>startKeyword</method>
  <thread>1</thread>
  <message>Start action : callTestCase(findTestCase(\&amp;quot;oauth-server/validar login\&amp;quot;), [\&amp;quot;t_response\&amp;quot;:response], STOP_ON_FAILURE)</message>
  <nestedLevel>1</nestedLevel>
  <property name="startLine">22</property>
  <property name="stepIndex">3</property>
</record>
<record>
  <date>2019-07-19T17:12:38</date>
  <millis>1563567158406</millis>
  <sequence>35</sequence>
  <level>START</level>
  <class>com.kms.katalon.core.logging.XmlKeywordLogger</class>
  <method>startTest</method>
  <thread>1</thread>
  <message>Start Test Case : Test Cases/oauth-server/validar login</message>
  <nestedLevel>3</nestedLevel>
  <property name="name">Test Cases/oauth-server/validar login</property>
  <property name="description"></property>
  <property name="id">Test Cases/oauth-server/validar login</property>
  <property name="source">C:\\Users\\maria\\Desktop\\kolektor\\Testing\\Katalon\\CRM-TEST\\Test Cases\\oauth-server\\validar login.tc</property>
  <property name="tag"></property>
  <property name="isOptional">false</property>
</record>
<record>
  <date>2019-07-19T17:12:38</date>
  <millis>1563567158436</millis>
  <sequence>37</sequence>
  <level>INFO</level>
  <class>com.kms.katalon.core.logging.XmlKeywordLogger</class>
  <method>logMessage</method>
  <thread>1</thread>
  <message>t_response = 200 1009 bytes</message>
  <nestedLevel>3</nestedLevel>
</record>
<record>
  <date>2019-07-19T17:12:38</date>
  <millis>1563567158673</millis>
  <sequence>38</sequence>
  <level>START</level>
  <class>com.kms.katalon.core.logging.XmlKeywordLogger</class>
  <method>startKeyword</method>
  <thread>1</thread>
  <message>Start action : slurper = new groovy.json.JsonSlurper()</message>
  <nestedLevel>1</nestedLevel>
  <property name="startLine">18</property>
  <property name="stepIndex">1</property>
</record>
<record>
  <date>2019-07-19T17:12:38</date>
  <millis>1563567158683</millis>
  <sequence>39</sequence>
  <level>END</level>
  <class>com.kms.katalon.core.logging.XmlKeywordLogger</class>
  <method>endKeyword</method>
  <thread>1</thread>
  <message>End action : slurper = new groovy.json.JsonSlurper()</message>
  <nestedLevel>1</nestedLevel>
</record>
<record>
  <date>2019-07-19T17:12:38</date>
  <millis>1563567158683</millis>
  <sequence>40</sequence>
  <level>START</level>
  <class>com.kms.katalon.core.logging.XmlKeywordLogger</class>
  <method>startKeyword</method>
  <thread>1</thread>
  <message>Start action : parsedJson = slurper.parseText(responseBodyContent)</message>
  <nestedLevel>1</nestedLevel>
  <property name="startLine">20</property>
  <property name="stepIndex">2</property>
</record>
<record>
  <date>2019-07-19T17:12:38</date>
  <millis>1563567158716</millis>
  <sequence>41</sequence>
  <level>END</level>
  <class>com.kms.katalon.core.logging.XmlKeywordLogger</class>
  <method>endKeyword</method>
  <thread>1</thread>
  <message>End action : parsedJson = slurper.parseText(responseBodyContent)</message>
  <nestedLevel>1</nestedLevel>
</record>
<record>
  <date>2019-07-19T17:12:38</date>
  <millis>1563567158738</millis>
  <sequence>42</sequence>
  <level>START</level>
  <class>com.kms.katalon.core.logging.XmlKeywordLogger</class>
  <method>startKeyword</method>
  <thread>1</thread>
  <message>Start action : t_access_token = parsedJson.get(\&amp;quot;access_token\&amp;quot;)</message>
  <nestedLevel>1</nestedLevel>
  <property name="startLine">22</property>
  <property name="stepIndex">3</property>
</record>
<record>
  <date>2019-07-19T17:12:38</date>
  <millis>1563567158752</millis>
  <sequence>43</sequence>
  <level>END</level>
  <class>com.kms.katalon.core.logging.XmlKeywordLogger</class>
  <method>endKeyword</method>
  <thread>1</thread>
  <message>End action : t_access_token = parsedJson.get(\&amp;quot;access_token\&amp;quot;)</message>
  <nestedLevel>1</nestedLevel>
</record>
<record>
  <date>2019-07-19T17:12:38</date>
  <millis>1563567158752</millis>
  <sequence>44</sequence>
  <level>START</level>
  <class>com.kms.katalon.core.logging.XmlKeywordLogger</class>
  <method>startKeyword</method>
  <thread>1</thread>
  <message>Start action : t_refresh_token = parsedJson.get(\&amp;quot;refresh_token\&amp;quot;)</message>
  <nestedLevel>1</nestedLevel>
  <property name="startLine">24</property>
  <property name="stepIndex">4</property>
</record>
<record>
  <date>2019-07-19T17:12:38</date>
  <millis>1563567158753</millis>
  <sequence>45</sequence>
  <level>END</level>
  <class>com.kms.katalon.core.logging.XmlKeywordLogger</class>
  <method>endKeyword</method>
  <thread>1</thread>
  <message>End action : t_refresh_token = parsedJson.get(\&amp;quot;refresh_token\&amp;quot;)</message>
  <nestedLevel>1</nestedLevel>
</record>
<record>
  <date>2019-07-19T17:12:38</date>
  <millis>1563567158754</millis>
  <sequence>46</sequence>
  <level>START</level>
  <class>com.kms.katalon.core.logging.XmlKeywordLogger</class>
  <method>startKeyword</method>
  <thread>1</thread>
  <message>Start action : if (t_access_token == null || t_refresh_token == null)</message>
  <nestedLevel>1</nestedLevel>
  <property name="startLine">26</property>
  <property name="stepIndex">5</property>
</record>
<record>
  <date>2019-07-19T17:12:38</date>
  <millis>1563567158755</millis>
  <sequence>47</sequence>
  <level>END</level>
  <class>com.kms.katalon.core.logging.XmlKeywordLogger</class>
  <method>endKeyword</method>
  <thread>1</thread>
  <message>End action : if (t_access_token == null || t_refresh_token == null)</message>
  <nestedLevel>1</nestedLevel>
</record>
<record>
  <date>2019-07-19T17:12:38</date>
  <millis>1563567158755</millis>
  <sequence>48</sequence>
  <level>START</level>
  <class>com.kms.katalon.core.logging.XmlKeywordLogger</class>
  <method>startKeyword</method>
  <thread>1</thread>
  <message>Start action : g_access_token = t_access_token</message>
  <nestedLevel>1</nestedLevel>
  <property name="startLine">30</property>
  <property name="stepIndex">6</property>
</record>
<record>
  <date>2019-07-19T17:12:38</date>
  <millis>1563567158756</millis>
  <sequence>49</sequence>
  <level>END</level>
  <class>com.kms.katalon.core.logging.XmlKeywordLogger</class>
  <method>endKeyword</method>
  <thread>1</thread>
  <message>End action : g_access_token = t_access_token</message>
  <nestedLevel>1</nestedLevel>
</record>
<record>
  <date>2019-07-19T17:12:38</date>
  <millis>1563567158760</millis>
  <sequence>50</sequence>
  <level>START</level>
  <class>com.kms.katalon.core.logging.XmlKeywordLogger</class>
  <method>startKeyword</method>
  <thread>1</thread>
  <message>Start action : g_refresh_token = t_refresh_token</message>
  <nestedLevel>1</nestedLevel>
  <property name="startLine">32</property>
  <property name="stepIndex">7</property>
</record>
<record>
  <date>2019-07-19T17:12:38</date>
  <millis>1563567158763</millis>
  <sequence>51</sequence>
  <level>END</level>
  <class>com.kms.katalon.core.logging.XmlKeywordLogger</class>
  <method>endKeyword</method>
  <thread>1</thread>
  <message>End action : g_refresh_token = t_refresh_token</message>
  <nestedLevel>1</nestedLevel>
</record>
<record>
  <date>2019-07-19T17:12:38</date>
  <millis>1563567158764</millis>
  <sequence>52</sequence>
  <level>PASSED</level>
  <class>com.kms.katalon.core.logging.XmlKeywordLogger</class>
  <method>logMessage</method>
  <thread>1</thread>
  <message>Test Cases/oauth-server/validar login</message>
  <nestedLevel>3</nestedLevel>
</record>
<record>
  <date>2019-07-19T17:12:38</date>
  <millis>1563567158777</millis>
  <sequence>53</sequence>
  <level>END</level>
  <class>com.kms.katalon.core.logging.XmlKeywordLogger</class>
  <method>endTest</method>
  <thread>1</thread>
  <message>End Test Case : Test Cases/oauth-server/validar login</message>
  <nestedLevel>2</nestedLevel>
</record>
<record>
  <date>2019-07-19T17:12:38</date>
  <millis>1563567158793</millis>
  <sequence>54</sequence>
  <level>PASSED</level>
  <class>com.kms.katalon.core.logging.XmlKeywordLogger</class>
  <method>logMessage</method>
  <thread>1</thread>
  <message>Call Test Case &amp;apos;Test Cases/oauth-server/validar login&amp;apos; successfully</message>
  <nestedLevel>2</nestedLevel>
</record>
<record>
  <date>2019-07-19T17:12:38</date>
  <millis>1563567158794</millis>
  <sequence>55</sequence>
  <level>END</level>
  <class>com.kms.katalon.core.logging.XmlKeywordLogger</class>
  <method>endKeyword</method>
  <thread>1</thread>
  <message>End action : callTestCase(findTestCase(\&amp;quot;oauth-server/validar login\&amp;quot;), [\&amp;quot;t_response\&amp;quot;:response], STOP_ON_FAILURE)</message>
  <nestedLevel>1</nestedLevel>
</record>
<record>
  <date>2019-07-19T17:12:38</date>
  <millis>1563567158795</millis>
  <sequence>56</sequence>
  <level>START</level>
  <class>com.kms.katalon.core.logging.XmlKeywordLogger</class>
  <method>startKeyword</method>
  <thread>1</thread>
  <message>Start action : response = sendRequest(findTestObject(\&amp;quot;oauth-server/user\&amp;quot;, [\&amp;quot;r_servidor\&amp;quot;:g_servidor_oauth, \&amp;quot;r_token\&amp;quot;:g_access_token]))</message>
  <nestedLevel>1</nestedLevel>
  <property name="startLine">24</property>
  <property name="stepIndex">4</property>
</record>
<record>
  <date>2019-07-19T17:12:38</date>
  <millis>1563567158952</millis>
  <sequence>59</sequence>
  <level>INFO</level>
  <class>com.kms.katalon.core.logging.XmlKeywordLogger</class>
  <method>logMessage</method>
  <thread>1</thread>
  <message>HAR: C:\\Users\\maria\\Desktop\\kolektor\\Testing\\Katalon\\CRM-TEST\\Reports\\WSInmuebles\\TS inmueble (CUIT)\\20190719_171231\\requests\\main\\1.har</message>
  <nestedLevel>2</nestedLevel>
  <property name="harId">8c85cbc8-3aff-48ba-a481-10c78040e17b</property>
</record>
<record>
  <date>2019-07-19T17:12:38</date>
  <millis>1563567158952</millis>
  <sequence>60</sequence>
  <level>PASSED</level>
  <class>com.kms.katalon.core.logging.XmlKeywordLogger</class>
  <method>logMessage</method>
  <thread>1</thread>
  <message>Send request successfully</message>
  <nestedLevel>2</nestedLevel>
</record>
<record>
  <date>2019-07-19T17:12:38</date>
  <millis>1563567158952</millis>
  <sequence>61</sequence>
  <level>END</level>
  <class>com.kms.katalon.core.logging.XmlKeywordLogger</class>
  <method>endKeyword</method>
  <thread>1</thread>
  <message>End action : response = sendRequest(findTestObject(\&amp;quot;oauth-server/user\&amp;quot;, [\&amp;quot;r_servidor\&amp;quot;:g_servidor_oauth, \&amp;quot;r_token\&amp;quot;:g_access_token]))</message>
  <nestedLevel>1</nestedLevel>
</record>
<record>
  <date>2019-07-19T17:12:38</date>
  <millis>1563567158962</millis>
  <sequence>62</sequence>
  <level>START</level>
  <class>com.kms.katalon.core.logging.XmlKeywordLogger</class>
  <method>startKeyword</method>
  <thread>1</thread>
  <message>Start action : verifyResponseStatusCode(response, 200)</message>
  <nestedLevel>1</nestedLevel>
  <property name="startLine">26</property>
  <property name="stepIndex">5</property>
</record>
<record>
  <date>2019-07-19T17:12:38</date>
  <millis>1563567158966</millis>
  <sequence>64</sequence>
  <level>PASSED</level>
  <class>com.kms.katalon.core.logging.XmlKeywordLogger</class>
  <method>logMessage</method>
  <thread>1</thread>
  <message>Verify response status code successfully</message>
  <nestedLevel>2</nestedLevel>
</record>
<record>
  <date>2019-07-19T17:12:38</date>
  <millis>1563567158966</millis>
  <sequence>65</sequence>
  <level>END</level>
  <class>com.kms.katalon.core.logging.XmlKeywordLogger</class>
  <method>endKeyword</method>
  <thread>1</thread>
  <message>End action : verifyResponseStatusCode(response, 200)</message>
  <nestedLevel>1</nestedLevel>
</record>
<record>
  <date>2019-07-19T17:12:38</date>
  <millis>1563567158966</millis>
  <sequence>66</sequence>
  <level>PASSED</level>
  <class>com.kms.katalon.core.logging.XmlKeywordLogger</class>
  <method>logMessage</method>
  <thread>1</thread>
  <message>Test Cases/oauth-server/login afip ok</message>
  <nestedLevel>2</nestedLevel>
</record>
<record>
  <date>2019-07-19T17:12:38</date>
  <millis>1563567158966</millis>
  <sequence>67</sequence>
  <level>END</level>
  <class>com.kms.katalon.core.logging.XmlKeywordLogger</class>
  <method>endTest</method>
  <thread>1</thread>
  <message>End Test Case : Test Cases/oauth-server/login afip ok</message>
  <nestedLevel>1</nestedLevel>
</record>
<record>
  <date>2019-07-19T17:12:38</date>
  <millis>1563567158966</millis>
  <sequence>68</sequence>
  <level>PASSED</level>
  <class>com.kms.katalon.core.logging.XmlKeywordLogger</class>
  <method>logMessage</method>
  <thread>1</thread>
  <message>Call Test Case &amp;apos;Test Cases/oauth-server/login afip ok&amp;apos; successfully</message>
  <nestedLevel>1</nestedLevel>
</record>
<record>
  <date>2019-07-19T17:12:38</date>
  <millis>1563567158966</millis>
  <sequence>69</sequence>
  <level>END</level>
  <class>com.kms.katalon.core.logging.XmlKeywordLogger</class>
  <method>endKeyword</method>
  <thread>1</thread>
  <message>End action : callTestCase(findTestCase(\&amp;quot;oauth-server/login afip ok\&amp;quot;), [\&amp;quot;t_servidor\&amp;quot;:g_servidor_oauth, \&amp;quot;t_http_username\&amp;quot;:\&amp;quot;klk-client\&amp;quot;, \&amp;quot;t_http_password\&amp;quot;:\&amp;quot;klk-secret\&amp;quot;, \&amp;quot;t_token\&amp;quot;:t_token, \&amp;quot;t_sign\&amp;quot;:t_sign], STOP_ON_FAILURE)</message>
  <nestedLevel>1</nestedLevel>
</record>
<record>
  <date>2019-07-19T17:12:38</date>
  <millis>1563567158972</millis>
  <sequence>70</sequence>
  <level>START</level>
  <class>com.kms.katalon.core.logging.XmlKeywordLogger</class>
  <method>startKeyword</method>
  <thread>1</thread>
  <message>Start action : response = sendRequest(findTestObject(\&amp;quot;WSInmuebles/c2 mi inmueble (CUIT)\&amp;quot;, [\&amp;quot;r_access_token\&amp;quot;:g_access_token, \&amp;quot;r_cuit\&amp;quot;:t_cuit, \&amp;quot;r_servidor\&amp;quot;:g_servidor_crm]))</message>
  <nestedLevel>1</nestedLevel>
  <property name="startLine">20</property>
  <property name="stepIndex">2</property>
</record>
<record>
  <date>2019-07-19T17:12:39</date>
  <millis>1563567159439</millis>
  <sequence>73</sequence>
  <level>INFO</level>
  <class>com.kms.katalon.core.logging.XmlKeywordLogger</class>
  <method>logMessage</method>
  <thread>1</thread>
  <message>HAR: C:\\Users\\maria\\Desktop\\kolektor\\Testing\\Katalon\\CRM-TEST\\Reports\\WSInmuebles\\TS inmueble (CUIT)\\20190719_171231\\requests\\main\\2.har</message>
  <nestedLevel>1</nestedLevel>
  <property name="harId">fb0c4356-ec0d-4b47-8a83-962bbc1746de</property>
</record>
<record>
  <date>2019-07-19T17:12:39</date>
  <millis>1563567159473</millis>
  <sequence>74</sequence>
  <level>PASSED</level>
  <class>com.kms.katalon.core.logging.XmlKeywordLogger</class>
  <method>logMessage</method>
  <thread>1</thread>
  <message>Send request successfully</message>
  <nestedLevel>1</nestedLevel>
</record>
<record>
  <date>2019-07-19T17:12:39</date>
  <millis>1563567159474</millis>
  <sequence>75</sequence>
  <level>END</level>
  <class>com.kms.katalon.core.logging.XmlKeywordLogger</class>
  <method>endKeyword</method>
  <thread>1</thread>
  <message>End action : response = sendRequest(findTestObject(\&amp;quot;WSInmuebles/c2 mi inmueble (CUIT)\&amp;quot;, [\&amp;quot;r_access_token\&amp;quot;:g_access_token, \&amp;quot;r_cuit\&amp;quot;:t_cuit, \&amp;quot;r_servidor\&amp;quot;:g_servidor_crm]))</message>
  <nestedLevel>1</nestedLevel>
</record>
<record>
  <date>2019-07-19T17:12:39</date>
  <millis>1563567159475</millis>
  <sequence>76</sequence>
  <level>START</level>
  <class>com.kms.katalon.core.logging.XmlKeywordLogger</class>
  <method>startKeyword</method>
  <thread>1</thread>
  <message>Start action : verifyResponseStatusCode(response, 200)</message>
  <nestedLevel>1</nestedLevel>
  <property name="startLine">23</property>
  <property name="stepIndex">3</property>
</record>
<record>
  <date>2019-07-19T17:12:39</date>
  <millis>1563567159477</millis>
  <sequence>78</sequence>
  <level>PASSED</level>
  <class>com.kms.katalon.core.logging.XmlKeywordLogger</class>
  <method>logMessage</method>
  <thread>1</thread>
  <message>Verify response status code successfully</message>
  <nestedLevel>1</nestedLevel>
</record>
<record>
  <date>2019-07-19T17:12:39</date>
  <millis>1563567159479</millis>
  <sequence>79</sequence>
  <level>END</level>
  <class>com.kms.katalon.core.logging.XmlKeywordLogger</class>
  <method>endKeyword</method>
  <thread>1</thread>
  <message>End action : verifyResponseStatusCode(response, 200)</message>
  <nestedLevel>1</nestedLevel>
</record>
<record>
  <date>2019-07-19T17:12:39</date>
  <millis>1563567159480</millis>
  <sequence>80</sequence>
  <level>START</level>
  <class>com.kms.katalon.core.logging.XmlKeywordLogger</class>
  <method>startKeyword</method>
  <thread>1</thread>
  <message>Start action : callTestCase(findTestCase(\&amp;quot;WSInmuebles/validar response mi inmueble (CUIT)\&amp;quot;), [\&amp;quot;t_response\&amp;quot;:response, \&amp;quot;t_cuit\&amp;quot;:t_cuit, \&amp;quot;t_campo\&amp;quot;:t_campo, \&amp;quot;t_varCampo\&amp;quot;:t_varCampo], STOP_ON_FAILURE)</message>
  <nestedLevel>1</nestedLevel>
  <property name="startLine">25</property>
  <property name="stepIndex">4</property>
</record>
<record>
  <date>2019-07-19T17:12:39</date>
  <millis>1563567159546</millis>
  <sequence>83</sequence>
  <level>START</level>
  <class>com.kms.katalon.core.logging.XmlKeywordLogger</class>
  <method>startTest</method>
  <thread>1</thread>
  <message>Start Test Case : Test Cases/WSInmuebles/validar response mi inmueble (CUIT)</message>
  <nestedLevel>2</nestedLevel>
  <property name="name">Test Cases/WSInmuebles/validar response mi inmueble (CUIT)</property>
  <property name="description"></property>
  <property name="id">Test Cases/WSInmuebles/validar response mi inmueble (CUIT)</property>
  <property name="source">C:\\Users\\maria\\Desktop\\kolektor\\Testing\\Katalon\\CRM-TEST\\Test Cases\\WSInmuebles\\validar response mi inmueble (CUIT).tc</property>
  <property name="tag"></property>
  <property name="isOptional">false</property>
</record>
<record>
  <date>2019-07-19T17:12:39</date>
  <millis>1563567159637</millis>
  <sequence>85</sequence>
  <level>INFO</level>
  <class>com.kms.katalon.core.logging.XmlKeywordLogger</class>
  <method>logMessage</method>
  <thread>1</thread>
  <message>t_response = 200 2 KB</message>
  <nestedLevel>2</nestedLevel>
</record>
<record>
  <date>2019-07-19T17:12:39</date>
  <millis>1563567159638</millis>
  <sequence>86</sequence>
  <level>INFO</level>
  <class>com.kms.katalon.core.logging.XmlKeywordLogger</class>
  <method>logMessage</method>
  <thread>1</thread>
  <message>t_cuit = 20083636123</message>
  <nestedLevel>2</nestedLevel>
</record>
<record>
  <date>2019-07-19T17:12:39</date>
  <millis>1563567159640</millis>
  <sequence>87</sequence>
  <level>INFO</level>
  <class>com.kms.katalon.core.logging.XmlKeywordLogger</class>
  <method>logMessage</method>
  <thread>1</thread>
  <message>t_campo = estado</message>
  <nestedLevel>2</nestedLevel>
</record>
<record>
  <date>2019-07-19T17:12:39</date>
  <millis>1563567159640</millis>
  <sequence>88</sequence>
  <level>INFO</level>
  <class>com.kms.katalon.core.logging.XmlKeywordLogger</class>
  <method>logMessage</method>
  <thread>1</thread>
  <message>t_varCampo = </message>
  <nestedLevel>2</nestedLevel>
</record>
<record>
  <date>2019-07-19T17:12:39</date>
  <millis>1563567159870</millis>
  <sequence>89</sequence>
  <level>START</level>
  <class>com.kms.katalon.core.logging.XmlKeywordLogger</class>
  <method>startKeyword</method>
  <thread>1</thread>
  <message>Start action : slurper = new groovy.json.JsonSlurper()</message>
  <nestedLevel>1</nestedLevel>
  <property name="startLine">17</property>
  <property name="stepIndex">1</property>
</record>
<record>
  <date>2019-07-19T17:12:39</date>
  <millis>1563567159871</millis>
  <sequence>90</sequence>
  <level>END</level>
  <class>com.kms.katalon.core.logging.XmlKeywordLogger</class>
  <method>endKeyword</method>
  <thread>1</thread>
  <message>End action : slurper = new groovy.json.JsonSlurper()</message>
  <nestedLevel>1</nestedLevel>
</record>
<record>
  <date>2019-07-19T17:12:39</date>
  <millis>1563567159871</millis>
  <sequence>91</sequence>
  <level>START</level>
  <class>com.kms.katalon.core.logging.XmlKeywordLogger</class>
  <method>startKeyword</method>
  <thread>1</thread>
  <message>Start action : println(responseBodyContent)</message>
  <nestedLevel>1</nestedLevel>
  <property name="startLine">19</property>
  <property name="stepIndex">2</property>
</record>
<record>
  <date>2019-07-19T17:12:39</date>
  <millis>1563567159877</millis>
  <sequence>92</sequence>
  <level>END</level>
  <class>com.kms.katalon.core.logging.XmlKeywordLogger</class>
  <method>endKeyword</method>
  <thread>1</thread>
  <message>End action : println(responseBodyContent)</message>
  <nestedLevel>1</nestedLevel>
</record>
<record>
  <date>2019-07-19T17:12:39</date>
  <millis>1563567159877</millis>
  <sequence>93</sequence>
  <level>START</level>
  <class>com.kms.katalon.core.logging.XmlKeywordLogger</class>
  <method>startKeyword</method>
  <thread>1</thread>
  <message>Start action : parsedJson = slurper.parseText(responseBodyContent)</message>
  <nestedLevel>1</nestedLevel>
  <property name="startLine">21</property>
  <property name="stepIndex">3</property>
</record>
<record>
  <date>2019-07-19T17:12:39</date>
  <millis>1563567159877</millis>
  <sequence>94</sequence>
  <level>END</level>
  <class>com.kms.katalon.core.logging.XmlKeywordLogger</class>
  <method>endKeyword</method>
  <thread>1</thread>
  <message>End action : parsedJson = slurper.parseText(responseBodyContent)</message>
  <nestedLevel>1</nestedLevel>
</record>
<record>
  <date>2019-07-19T17:12:39</date>
  <millis>1563567159877</millis>
  <sequence>95</sequence>
  <level>START</level>
  <class>com.kms.katalon.core.logging.XmlKeywordLogger</class>
  <method>startKeyword</method>
  <thread>1</thread>
  <message>Start action : if (data != null &amp;amp;&amp;amp; inmueble != null)</message>
  <nestedLevel>1</nestedLevel>
  <property name="startLine">24</property>
  <property name="stepIndex">4</property>
  <property name="description">si retorno datos</property>
</record>
<record>
  <date>2019-07-19T17:12:39</date>
  <millis>1563567159883</millis>
  <sequence>96</sequence>
  <level>START</level>
  <class>com.kms.katalon.core.logging.XmlKeywordLogger</class>
  <method>startKeyword</method>
  <thread>1</thread>
  <message>Start action : array1 = inmueble</message>
  <nestedLevel>2</nestedLevel>
  <property name="startLine">25</property>
  <property name="stepIndex">1</property>
</record>
<record>
  <date>2019-07-19T17:12:39</date>
  <millis>1563567159883</millis>
  <sequence>97</sequence>
  <level>END</level>
  <class>com.kms.katalon.core.logging.XmlKeywordLogger</class>
  <method>endKeyword</method>
  <thread>1</thread>
  <message>End action : array1 = inmueble</message>
  <nestedLevel>2</nestedLevel>
</record>
<record>
  <date>2019-07-19T17:12:39</date>
  <millis>1563567159883</millis>
  <sequence>98</sequence>
  <level>START</level>
  <class>com.kms.katalon.core.logging.XmlKeywordLogger</class>
  <method>startKeyword</method>
  <thread>1</thread>
  <message>Start action : bandera = false</message>
  <nestedLevel>2</nestedLevel>
  <property name="startLine">27</property>
  <property name="stepIndex">2</property>
</record>
<record>
  <date>2019-07-19T17:12:39</date>
  <millis>1563567159887</millis>
  <sequence>99</sequence>
  <level>END</level>
  <class>com.kms.katalon.core.logging.XmlKeywordLogger</class>
  <method>endKeyword</method>
  <thread>1</thread>
  <message>End action : bandera = false</message>
  <nestedLevel>2</nestedLevel>
</record>
<record>
  <date>2019-07-19T17:12:39</date>
  <millis>1563567159887</millis>
  <sequence>100</sequence>
  <level>START</level>
  <class>com.kms.katalon.core.logging.XmlKeywordLogger</class>
  <method>startKeyword</method>
  <thread>1</thread>
  <message>Start action : for (def terreno : array1)</message>
  <nestedLevel>2</nestedLevel>
  <property name="startLine">29</property>
  <property name="stepIndex">3</property>
</record>
<record>
  <date>2019-07-19T17:12:39</date>
  <millis>1563567159888</millis>
  <sequence>101</sequence>
  <level>START</level>
  <class>com.kms.katalon.core.logging.XmlKeywordLogger</class>
  <method>startKeyword</method>
  <thread>1</thread>
  <message>Start action : if (t_campo == t_varCampo)</message>
  <nestedLevel>3</nestedLevel>
  <property name="startLine">30</property>
  <property name="stepIndex">1</property>
</record>
<record>
  <date>2019-07-19T17:12:39</date>
  <millis>1563567159888</millis>
  <sequence>102</sequence>
  <level>END</level>
  <class>com.kms.katalon.core.logging.XmlKeywordLogger</class>
  <method>endKeyword</method>
  <thread>1</thread>
  <message>End action : if (t_campo == t_varCampo)</message>
  <nestedLevel>3</nestedLevel>
</record>
<record>
  <date>2019-07-19T17:12:39</date>
  <millis>1563567159888</millis>
  <sequence>103</sequence>
  <level>START</level>
  <class>com.kms.katalon.core.logging.XmlKeywordLogger</class>
  <method>startKeyword</method>
  <thread>1</thread>
  <message>Start action : if (t_campo == t_varCampo)</message>
  <nestedLevel>3</nestedLevel>
  <property name="startLine">30</property>
  <property name="stepIndex">1</property>
</record>
<record>
  <date>2019-07-19T17:12:39</date>
  <millis>1563567159888</millis>
  <sequence>104</sequence>
  <level>END</level>
  <class>com.kms.katalon.core.logging.XmlKeywordLogger</class>
  <method>endKeyword</method>
  <thread>1</thread>
  <message>End action : if (t_campo == t_varCampo)</message>
  <nestedLevel>3</nestedLevel>
</record>
<record>
  <date>2019-07-19T17:12:39</date>
  <millis>1563567159888</millis>
  <sequence>105</sequence>
  <level>END</level>
  <class>com.kms.katalon.core.logging.XmlKeywordLogger</class>
  <method>endKeyword</method>
  <thread>1</thread>
  <message>End action : for (def terreno : array1)</message>
  <nestedLevel>2</nestedLevel>
</record>
<record>
  <date>2019-07-19T17:12:39</date>
  <millis>1563567159888</millis>
  <sequence>106</sequence>
  <level>START</level>
  <class>com.kms.katalon.core.logging.XmlKeywordLogger</class>
  <method>startKeyword</method>
  <thread>1</thread>
  <message>Start action : if (!(bandera))</message>
  <nestedLevel>2</nestedLevel>
  <property name="startLine">37</property>
  <property name="stepIndex">4</property>
</record>
<record>
  <date>2019-07-19T17:12:39</date>
  <millis>1563567159888</millis>
  <sequence>107</sequence>
  <level>START</level>
  <class>com.kms.katalon.core.logging.XmlKeywordLogger</class>
  <method>startKeyword</method>
  <thread>1</thread>
  <message>Start action : KeywordUtil.markFailed(\&amp;quot;Existe deuda del inmueble para el cuit \&amp;quot; + t_cuit)</message>
  <nestedLevel>3</nestedLevel>
  <property name="startLine">40</property>
  <property name="stepIndex">1</property>
</record>
<record>
  <date>2019-07-19T17:12:39</date>
  <millis>1563567159892</millis>
  <sequence>108</sequence>
  <level>END</level>
  <class>com.kms.katalon.core.logging.XmlKeywordLogger</class>
  <method>endKeyword</method>
  <thread>1</thread>
  <message>End action : KeywordUtil.markFailed(\&amp;quot;Existe deuda del inmueble para el cuit \&amp;quot; + t_cuit)</message>
  <nestedLevel>3</nestedLevel>
</record>
<record>
  <date>2019-07-19T17:12:39</date>
  <millis>1563567159892</millis>
  <sequence>109</sequence>
  <level>END</level>
  <class>com.kms.katalon.core.logging.XmlKeywordLogger</class>
  <method>endKeyword</method>
  <thread>1</thread>
  <message>End action : if (!(bandera))</message>
  <nestedLevel>2</nestedLevel>
</record>
<record>
  <date>2019-07-19T17:12:39</date>
  <millis>1563567159892</millis>
  <sequence>110</sequence>
  <level>END</level>
  <class>com.kms.katalon.core.logging.XmlKeywordLogger</class>
  <method>endKeyword</method>
  <thread>1</thread>
  <message>End action : if (data != null &amp;amp;&amp;amp; inmueble != null)</message>
  <nestedLevel>1</nestedLevel>
</record>
<record>
  <date>2019-07-19T17:12:39</date>
  <millis>1563567159906</millis>
  <sequence>112</sequence>
  <level>ERROR</level>
  <class>com.kms.katalon.core.logging.XmlKeywordLogger</class>
  <method>logMessage</method>
  <thread>1</thread>
  <message>Test Cases/WSInmuebles/validar response mi inmueble (CUIT) FAILED.\nReason:\ngroovy.lang.MissingPropertyException: No such property: KeywordUtil for class: Script1563205197765\r\n\tat validar response mi inmueble (CUIT).run(validar response mi inmueble (CUIT):40)\r\n\tat com.kms.katalon.core.main.ScriptEngine.run(ScriptEngine.java:194)\r\n\tat com.kms.katalon.core.main.ScriptEngine.runScriptAsRawText(ScriptEngine.java:119)\r\n\tat com.kms.katalon.core.main.TestCaseExecutor.runScript(TestCaseExecutor.java:337)\r\n\tat com.kms.katalon.core.main.TestCaseExecutor.doExecute(TestCaseExecutor.java:328)\r\n\tat com.kms.katalon.core.main.TestCaseExecutor.processExecutionPhase(TestCaseExecutor.java:307)\r\n\tat com.kms.katalon.core.main.TestCaseExecutor.accessMainPhase(TestCaseExecutor.java:299)\r\n\tat com.kms.katalon.core.main.TestCaseExecutor.execute(TestCaseExecutor.java:233)\r\n\tat com.kms.katalon.core.main.TestCaseMain.runTestCase(TestCaseMain.java:114)\r\n\tat com.kms.katalon.core.keyword.builtin.CallTestCaseKeyword$_callTestCase_closure1.doCall(CallTestCaseKeyword.groovy:59)\r\n\tat com.kms.katalon.core.keyword.builtin.CallTestCaseKeyword$_callTestCase_closure1.call(CallTestCaseKeyword.groovy)\r\n\tat com.kms.katalon.core.keyword.internal.KeywordMain.runKeyword(KeywordMain.groovy:68)\r\n\tat com.kms.katalon.core.keyword.builtin.CallTestCaseKeyword.callTestCase(CallTestCaseKeyword.groovy:81)\r\n\tat com.kms.katalon.core.keyword.builtin.CallTestCaseKeyword.execute(CallTestCaseKeyword.groovy:44)\r\n\tat com.kms.katalon.core.keyword.internal.KeywordExecutor.executeKeywordForPlatform(KeywordExecutor.groovy:56)\r\n\tat com.kms.katalon.core.keyword.BuiltinKeywords.callTestCase(BuiltinKeywords.groovy:334)\r\n\tat afip mi inmueble ok (CUIT).run(afip mi inmueble ok (CUIT):25)\r\n\tat com.kms.katalon.core.main.ScriptEngine.run(ScriptEngine.java:194)\r\n\tat com.kms.katalon.core.main.ScriptEngine.runScriptAsRawText(ScriptEngine.java:119)\r\n\tat com.kms.katalon.core.main.TestCaseExecutor.runScript(TestCaseExecutor.java:337)\r\n\tat com.kms.katalon.core.main.TestCaseExecutor.doExecute(TestCaseExecutor.java:328)\r\n\tat com.kms.katalon.core.main.TestCaseExecutor.processExecutionPhase(TestCaseExecutor.java:307)\r\n\tat com.kms.katalon.core.main.TestCaseExecutor.accessMainPhase(TestCaseExecutor.java:299)\r\n\tat com.kms.katalon.core.main.TestCaseExecutor.execute(TestCaseExecutor.java:233)\r\n\tat com.kms.katalon.core.main.TestSuiteExecutor.accessTestCaseMainPhase(TestSuiteExecutor.java:133)\r\n\tat com.kms.katalon.core.main.TestSuiteExecutor.accessTestSuiteMainPhase(TestSuiteExecutor.java:116)\r\n\tat com.kms.katalon.core.main.TestSuiteExecutor.execute(TestSuiteExecutor.java:83)\r\n\tat com.kms.katalon.core.main.TestCaseMain.startTestSuite(TestCaseMain.java:157)\r\n\tat com.kms.katalon.core.main.TestCaseMain$startTestSuite$0.call(Unknown Source)\r\n\tat TempTestSuite1563567151922.run(TempTestSuite1563567151922.groovy:35)\r\n</message>
  <exception>
    <message>groovy.lang.MissingPropertyException: No such property: KeywordUtil for class: Script1563205197765</message>
    <frame>
      <class>validar response mi inmueble (CUIT)</class>
      <method>run</method>
      <line>40</line>
    </frame>
    <frame>
      <class>com.kms.katalon.core.main.ScriptEngine</class>
      <method>run</method>
      <line>194</line>
    </frame>
    <frame>
      <class>com.kms.katalon.core.main.ScriptEngine</class>
      <method>runScriptAsRawText</method>
      <line>119</line>
    </frame>
    <frame>
      <class>com.kms.katalon.core.main.TestCaseExecutor</class>
      <method>runScript</method>
      <line>337</line>
    </frame>
    <frame>
      <class>com.kms.katalon.core.main.TestCaseExecutor</class>
      <method>doExecute</method>
      <line>328</line>
    </frame>
    <frame>
      <class>com.kms.katalon.core.main.TestCaseExecutor</class>
      <method>processExecutionPhase</method>
      <line>307</line>
    </frame>
    <frame>
      <class>com.kms.katalon.core.main.TestCaseExecutor</class>
      <method>accessMainPhase</method>
      <line>299</line>
    </frame>
    <frame>
      <class>com.kms.katalon.core.main.TestCaseExecutor</class>
      <method>execute</method>
      <line>233</line>
    </frame>
    <frame>
      <class>com.kms.katalon.core.main.TestCaseMain</class>
      <method>runTestCase</method>
      <line>114</line>
    </frame>
    <frame>
      <class>com.kms.katalon.core.keyword.builtin.CallTestCaseKeyword$_callTestCase_closure1</class>
      <method>doCall</method>
      <line>59</line>
    </frame>
    <frame>
      <class>com.kms.katalon.core.keyword.builtin.CallTestCaseKeyword$_callTestCase_closure1</class>
      <method>call</method>
    </frame>
    <frame>
      <class>com.kms.katalon.core.keyword.internal.KeywordMain</class>
      <method>runKeyword</method>
      <line>68</line>
    </frame>
    <frame>
      <class>com.kms.katalon.core.keyword.builtin.CallTestCaseKeyword</class>
      <method>callTestCase</method>
      <line>81</line>
    </frame>
    <frame>
      <class>com.kms.katalon.core.keyword.builtin.CallTestCaseKeyword</class>
      <method>execute</method>
      <line>44</line>
    </frame>
    <frame>
      <class>com.kms.katalon.core.keyword.internal.KeywordExecutor</class>
      <method>executeKeywordForPlatform</method>
      <line>56</line>
    </frame>
    <frame>
      <class>com.kms.katalon.core.keyword.BuiltinKeywords</class>
      <method>callTestCase</method>
      <line>334</line>
    </frame>
    <frame>
      <class>afip mi inmueble ok (CUIT)</class>
      <method>run</method>
      <line>25</line>
    </frame>
    <frame>
      <class>com.kms.katalon.core.main.ScriptEngine</class>
      <method>run</method>
      <line>194</line>
    </frame>
    <frame>
      <class>com.kms.katalon.core.main.ScriptEngine</class>
      <method>runScriptAsRawText</method>
      <line>119</line>
    </frame>
    <frame>
      <class>com.kms.katalon.core.main.TestCaseExecutor</class>
      <method>runScript</method>
      <line>337</line>
    </frame>
    <frame>
      <class>com.kms.katalon.core.main.TestCaseExecutor</class>
      <method>doExecute</method>
      <line>328</line>
    </frame>
    <frame>
      <class>com.kms.katalon.core.main.TestCaseExecutor</class>
      <method>processExecutionPhase</method>
      <line>307</line>
    </frame>
    <frame>
      <class>com.kms.katalon.core.main.TestCaseExecutor</class>
      <method>accessMainPhase</method>
      <line>299</line>
    </frame>
    <frame>
      <class>com.kms.katalon.core.main.TestCaseExecutor</class>
      <method>execute</method>
      <line>233</line>
    </frame>
    <frame>
      <class>com.kms.katalon.core.main.TestSuiteExecutor</class>
      <method>accessTestCaseMainPhase</method>
      <line>133</line>
    </frame>
    <frame>
      <class>com.kms.katalon.core.main.TestSuiteExecutor</class>
      <method>accessTestSuiteMainPhase</method>
      <line>116</line>
    </frame>
    <frame>
      <class>com.kms.katalon.core.main.TestSuiteExecutor</class>
      <method>execute</method>
      <line>83</line>
    </frame>
    <frame>
      <class>com.kms.katalon.core.main.TestCaseMain</class>
      <method>startTestSuite</method>
      <line>157</line>
    </frame>
    <frame>
      <class>com.kms.katalon.core.main.TestCaseMain$startTestSuite$0</class>
      <method>call</method>
    </frame>
    <frame>
      <class>TempTestSuite1563567151922</class>
      <method>run</method>
      <line>35</line>
    </frame>
  </exception>
  <nestedLevel>0</nestedLevel>
  <property name="failed.exception.stacktrace">groovy.lang.MissingPropertyException: No such property: KeywordUtil for class: Script1563205197765\r\n\tat validar response mi inmueble (CUIT).run(validar response mi inmueble (CUIT):40)\r\n\tat com.kms.katalon.core.main.ScriptEngine.run(ScriptEngine.java:194)\r\n\tat com.kms.katalon.core.main.ScriptEngine.runScriptAsRawText(ScriptEngine.java:119)\r\n\tat com.kms.katalon.core.main.TestCaseExecutor.runScript(TestCaseExecutor.java:337)\r\n\tat com.kms.katalon.core.main.TestCaseExecutor.doExecute(TestCaseExecutor.java:328)\r\n\tat com.kms.katalon.core.main.TestCaseExecutor.processExecutionPhase(TestCaseExecutor.java:307)\r\n\tat com.kms.katalon.core.main.TestCaseExecutor.accessMainPhase(TestCaseExecutor.java:299)\r\n\tat com.kms.katalon.core.main.TestCaseExecutor.execute(TestCaseExecutor.java:233)\r\n\tat com.kms.katalon.core.main.TestCaseMain.runTestCase(TestCaseMain.java:114)\r\n\tat com.kms.katalon.core.keyword.builtin.CallTestCaseKeyword$_callTestCase_closure1.doCall(CallTestCaseKeyword.groovy:59)\r\n\tat com.kms.katalon.core.keyword.builtin.CallTestCaseKeyword$_callTestCase_closure1.call(CallTestCaseKeyword.groovy)\r\n\tat com.kms.katalon.core.keyword.internal.KeywordMain.runKeyword(KeywordMain.groovy:68)\r\n\tat com.kms.katalon.core.keyword.builtin.CallTestCaseKeyword.callTestCase(CallTestCaseKeyword.groovy:81)\r\n\tat com.kms.katalon.core.keyword.builtin.CallTestCaseKeyword.execute(CallTestCaseKeyword.groovy:44)\r\n\tat com.kms.katalon.core.keyword.internal.KeywordExecutor.executeKeywordForPlatform(KeywordExecutor.groovy:56)\r\n\tat com.kms.katalon.core.keyword.BuiltinKeywords.callTestCase(BuiltinKeywords.groovy:334)\r\n\tat afip mi inmueble ok (CUIT).run(afip mi inmueble ok (CUIT):25)\r\n\tat com.kms.katalon.core.main.ScriptEngine.run(ScriptEngine.java:194)\r\n\tat com.kms.katalon.core.main.ScriptEngine.runScriptAsRawText(ScriptEngine.java:119)\r\n\tat com.kms.katalon.core.main.TestCaseExecutor.runScript(TestCaseExecutor.java:337)\r\n\tat com.kms.katalon.core.main.TestCaseExecutor.doExecute(TestCaseExecutor.java:328)\r\n\tat com.kms.katalon.core.main.TestCaseExecutor.processExecutionPhase(TestCaseExecutor.java:307)\r\n\tat com.kms.katalon.core.main.TestCaseExecutor.accessMainPhase(TestCaseExecutor.java:299)\r\n\tat com.kms.katalon.core.main.TestCaseExecutor.execute(TestCaseExecutor.java:233)\r\n\tat com.kms.katalon.core.main.TestSuiteExecutor.accessTestCaseMainPhase(TestSuiteExecutor.java:133)\r\n\tat com.kms.katalon.core.main.TestSuiteExecutor.accessTestSuiteMainPhase(TestSuiteExecutor.java:116)\r\n\tat com.kms.katalon.core.main.TestSuiteExecutor.execute(TestSuiteExecutor.java:83)\r\n\tat com.kms.katalon.core.main.TestCaseMain.startTestSuite(TestCaseMain.java:157)\r\n\tat com.kms.katalon.core.main.TestCaseMain$startTestSuite$0.call(Unknown Source)\r\n\tat TempTestSuite1563567151922.run(TempTestSuite1563567151922.groovy:35)\r\n</property>
  <property name="failed.exception.class">groovy.lang.MissingPropertyException</property>
  <property name="failed.exception.message">No such property: KeywordUtil for class: Script1563205197765</property>
</record>
<record>
  <date>2019-07-19T17:12:39</date>
  <millis>1563567159914</millis>
  <sequence>114</sequence>
  <level>END</level>
  <class>com.kms.katalon.core.logging.XmlKeywordLogger</class>
  <method>endTest</method>
  <thread>1</thread>
  <message>End Test Case : Test Cases/WSInmuebles/validar response mi inmueble (CUIT)</message>
  <nestedLevel>1</nestedLevel>
</record>
<record>
  <date>2019-07-19T17:12:39</date>
  <millis>1563567159914</millis>
  <sequence>118</sequence>
  <level>FAILED</level>
  <class>com.kms.katalon.core.logging.XmlKeywordLogger</class>
  <method>logMessage</method>
  <thread>1</thread>
  <message>Unable to call Test Case &amp;apos;Test Cases/WSInmuebles/validar response mi inmueble (CUIT)&amp;apos; (Root cause: com.kms.katalon.core.exception.StepErrorException: Call Test Case &amp;apos;Test Cases/WSInmuebles/validar response mi inmueble (CUIT)&amp;apos; failed because of error(s)\r\n\tat com.kms.katalon.core.keyword.builtin.CallTestCaseKeyword$_callTestCase_closure1.doCall(CallTestCaseKeyword.groovy:66)\r\n\tat com.kms.katalon.core.keyword.builtin.CallTestCaseKeyword$_callTestCase_closure1.call(CallTestCaseKeyword.groovy)\r\n\tat com.kms.katalon.core.keyword.internal.KeywordMain.runKeyword(KeywordMain.groovy:68)\r\n\tat com.kms.katalon.core.keyword.builtin.CallTestCaseKeyword.callTestCase(CallTestCaseKeyword.groovy:81)\r\n\tat com.kms.katalon.core.keyword.builtin.CallTestCaseKeyword.execute(CallTestCaseKeyword.groovy:44)\r\n\tat com.kms.katalon.core.keyword.internal.KeywordExecutor.executeKeywordForPlatform(KeywordExecutor.groovy:56)\r\n\tat com.kms.katalon.core.keyword.BuiltinKeywords.callTestCase(BuiltinKeywords.groovy:334)\r\n\tat afip mi inmueble ok (CUIT).run(afip mi inmueble ok (CUIT):25)\r\n\tat com.kms.katalon.core.main.ScriptEngine.run(ScriptEngine.java:194)\r\n\tat com.kms.katalon.core.main.ScriptEngine.runScriptAsRawText(ScriptEngine.java:119)\r\n\tat com.kms.katalon.core.main.TestCaseExecutor.runScript(TestCaseExecutor.java:337)\r\n\tat com.kms.katalon.core.main.TestCaseExecutor.doExecute(TestCaseExecutor.java:328)\r\n\tat com.kms.katalon.core.main.TestCaseExecutor.processExecutionPhase(TestCaseExecutor.java:307)\r\n\tat com.kms.katalon.core.main.TestCaseExecutor.accessMainPhase(TestCaseExecutor.java:299)\r\n\tat com.kms.katalon.core.main.TestCaseExecutor.execute(TestCaseExecutor.java:233)\r\n\tat com.kms.katalon.core.main.TestSuiteExecutor.accessTestCaseMainPhase(TestSuiteExecutor.java:133)\r\n\tat com.kms.katalon.core.main.TestSuiteExecutor.accessTestSuiteMainPhase(TestSuiteExecutor.java:116)\r\n\tat com.kms.katalon.core.main.TestSuiteExecutor.execute(TestSuiteExecutor.java:83)\r\n\tat com.kms.katalon.core.main.TestCaseMain.startTestSuite(TestCaseMain.java:157)\r\n\tat com.kms.katalon.core.main.TestCaseMain$startTestSuite$0.call(Unknown Source)\r\n\tat TempTestSuite1563567151922.run(TempTestSuite1563567151922.groovy:35)\r\nCaused by: groovy.lang.MissingPropertyException: No such property: KeywordUtil for class: Script1563205197765\r\n\tat validar response mi inmueble (CUIT).run(validar response mi inmueble (CUIT):40)\r\n\tat com.kms.katalon.core.main.ScriptEngine.run(ScriptEngine.java:194)\r\n\tat com.kms.katalon.core.main.ScriptEngine.runScriptAsRawText(ScriptEngine.java:119)\r\n\tat com.kms.katalon.core.main.TestCaseExecutor.runScript(TestCaseExecutor.java:337)\r\n\tat com.kms.katalon.core.main.TestCaseExecutor.doExecute(TestCaseExecutor.java:328)\r\n\tat com.kms.katalon.core.main.TestCaseExecutor.processExecutionPhase(TestCaseExecutor.java:307)\r\n\tat com.kms.katalon.core.main.TestCaseExecutor.accessMainPhase(TestCaseExecutor.java:299)\r\n\tat com.kms.katalon.core.main.TestCaseExecutor.execute(TestCaseExecutor.java:233)\r\n\tat com.kms.katalon.core.main.TestCaseMain.runTestCase(TestCaseMain.java:114)\r\n\tat com.kms.katalon.core.keyword.builtin.CallTestCaseKeyword$_callTestCase_closure1.doCall(CallTestCaseKeyword.groovy:59)\r\n\t... 20 more\r\n)</message>
  <nestedLevel>1</nestedLevel>
  <property name="failed.exception.class">groovy.lang.MissingPropertyException</property>
  <property name="failed.exception.stacktrace">groovy.lang.MissingPropertyException: No such property: KeywordUtil for class: Script1563205197765\r\n\tat validar response mi inmueble (CUIT).run(validar response mi inmueble (CUIT):40)\r\n\tat com.kms.katalon.core.main.ScriptEngine.run(ScriptEngine.java:194)\r\n\tat com.kms.katalon.core.main.ScriptEngine.runScriptAsRawText(ScriptEngine.java:119)\r\n\tat com.kms.katalon.core.main.TestCaseExecutor.runScript(TestCaseExecutor.java:337)\r\n\tat com.kms.katalon.core.main.TestCaseExecutor.doExecute(TestCaseExecutor.java:328)\r\n\tat com.kms.katalon.core.main.TestCaseExecutor.processExecutionPhase(TestCaseExecutor.java:307)\r\n\tat com.kms.katalon.core.main.TestCaseExecutor.accessMainPhase(TestCaseExecutor.java:299)\r\n\tat com.kms.katalon.core.main.TestCaseExecutor.execute(TestCaseExecutor.java:233)\r\n\tat com.kms.katalon.core.main.TestCaseMain.runTestCase(TestCaseMain.java:114)\r\n\tat com.kms.katalon.core.keyword.builtin.CallTestCaseKeyword$_callTestCase_closure1.doCall(CallTestCaseKeyword.groovy:59)\r\n\tat com.kms.katalon.core.keyword.builtin.CallTestCaseKeyword$_callTestCase_closure1.call(CallTestCaseKeyword.groovy)\r\n\tat com.kms.katalon.core.keyword.internal.KeywordMain.runKeyword(KeywordMain.groovy:68)\r\n\tat com.kms.katalon.core.keyword.builtin.CallTestCaseKeyword.callTestCase(CallTestCaseKeyword.groovy:81)\r\n\tat com.kms.katalon.core.keyword.builtin.CallTestCaseKeyword.execute(CallTestCaseKeyword.groovy:44)\r\n\tat com.kms.katalon.core.keyword.internal.KeywordExecutor.executeKeywordForPlatform(KeywordExecutor.groovy:56)\r\n\tat com.kms.katalon.core.keyword.BuiltinKeywords.callTestCase(BuiltinKeywords.groovy:334)\r\n\tat afip mi inmueble ok (CUIT).run(afip mi inmueble ok (CUIT):25)\r\n\tat com.kms.katalon.core.main.ScriptEngine.run(ScriptEngine.java:194)\r\n\tat com.kms.katalon.core.main.ScriptEngine.runScriptAsRawText(ScriptEngine.java:119)\r\n\tat com.kms.katalon.core.main.TestCaseExecutor.runScript(TestCaseExecutor.java:337)\r\n\tat com.kms.katalon.core.main.TestCaseExecutor.doExecute(TestCaseExecutor.java:328)\r\n\tat com.kms.katalon.core.main.TestCaseExecutor.processExecutionPhase(TestCaseExecutor.java:307)\r\n\tat com.kms.katalon.core.main.TestCaseExecutor.accessMainPhase(TestCaseExecutor.java:299)\r\n\tat com.kms.katalon.core.main.TestCaseExecutor.execute(TestCaseExecutor.java:233)\r\n\tat com.kms.katalon.core.main.TestSuiteExecutor.accessTestCaseMainPhase(TestSuiteExecutor.java:133)\r\n\tat com.kms.katalon.core.main.TestSuiteExecutor.accessTestSuiteMainPhase(TestSuiteExecutor.java:116)\r\n\tat com.kms.katalon.core.main.TestSuiteExecutor.execute(TestSuiteExecutor.java:83)\r\n\tat com.kms.katalon.core.main.TestCaseMain.startTestSuite(TestCaseMain.java:157)\r\n\tat com.kms.katalon.core.main.TestCaseMain$startTestSuite$0.call(Unknown Source)\r\n\tat TempTestSuite1563567151922.run(TempTestSuite1563567151922.groovy:35)\r\n</property>
  <property name="failed.exception.message">No such property: KeywordUtil for class: Script1563205197765</property>
</record>
<record>
  <date>2019-07-19T17:12:39</date>
  <millis>1563567159919</millis>
  <sequence>119</sequence>
  <level>END</level>
  <class>com.kms.katalon.core.logging.XmlKeywordLogger</class>
  <method>endKeyword</method>
  <thread>1</thread>
  <message>End action : callTestCase(findTestCase(\&amp;quot;WSInmuebles/validar response mi inmueble (CUIT)\&amp;quot;), [\&amp;quot;t_response\&amp;quot;:response, \&amp;quot;t_cuit\&amp;quot;:t_cuit, \&amp;quot;t_campo\&amp;quot;:t_campo, \&amp;quot;t_varCampo\&amp;quot;:t_varCampo], STOP_ON_FAILURE)</message>
  <nestedLevel>1</nestedLevel>
</record>
<record>
  <date>2019-07-19T17:12:39</date>
  <millis>1563567159928</millis>
  <sequence>122</sequence>
  <level>ERROR</level>
  <class>com.kms.katalon.core.logging.XmlKeywordLogger</class>
  <method>logMessage</method>
  <thread>1</thread>
  <message>Test Cases/WSInmuebles/afip mi inmueble ok (CUIT) FAILED.\nReason:\ncom.kms.katalon.core.exception.StepErrorException: Call Test Case &amp;apos;Test Cases/WSInmuebles/validar response mi inmueble (CUIT)&amp;apos; failed because of error(s)\r\n\tat com.kms.katalon.core.keyword.builtin.CallTestCaseKeyword$_callTestCase_closure1.doCall(CallTestCaseKeyword.groovy:66)\r\n\tat com.kms.katalon.core.keyword.builtin.CallTestCaseKeyword$_callTestCase_closure1.call(CallTestCaseKeyword.groovy)\r\n\tat com.kms.katalon.core.keyword.internal.KeywordMain.runKeyword(KeywordMain.groovy:68)\r\n\tat com.kms.katalon.core.keyword.builtin.CallTestCaseKeyword.callTestCase(CallTestCaseKeyword.groovy:81)\r\n\tat com.kms.katalon.core.keyword.builtin.CallTestCaseKeyword.execute(CallTestCaseKeyword.groovy:44)\r\n\tat com.kms.katalon.core.keyword.internal.KeywordExecutor.executeKeywordForPlatform(KeywordExecutor.groovy:56)\r\n\tat com.kms.katalon.core.keyword.BuiltinKeywords.callTestCase(BuiltinKeywords.groovy:334)\r\n\tat afip mi inmueble ok (CUIT).run(afip mi inmueble ok (CUIT):25)\r\n\tat com.kms.katalon.core.main.ScriptEngine.run(ScriptEngine.java:194)\r\n\tat com.kms.katalon.core.main.ScriptEngine.runScriptAsRawText(ScriptEngine.java:119)\r\n\tat com.kms.katalon.core.main.TestCaseExecutor.runScript(TestCaseExecutor.java:337)\r\n\tat com.kms.katalon.core.main.TestCaseExecutor.doExecute(TestCaseExecutor.java:328)\r\n\tat com.kms.katalon.core.main.TestCaseExecutor.processExecutionPhase(TestCaseExecutor.java:307)\r\n\tat com.kms.katalon.core.main.TestCaseExecutor.accessMainPhase(TestCaseExecutor.java:299)\r\n\tat com.kms.katalon.core.main.TestCaseExecutor.execute(TestCaseExecutor.java:233)\r\n\tat com.kms.katalon.core.main.TestSuiteExecutor.accessTestCaseMainPhase(TestSuiteExecutor.java:133)\r\n\tat com.kms.katalon.core.main.TestSuiteExecutor.accessTestSuiteMainPhase(TestSuiteExecutor.java:116)\r\n\tat com.kms.katalon.core.main.TestSuiteExecutor.execute(TestSuiteExecutor.java:83)\r\n\tat com.kms.katalon.core.main.TestCaseMain.startTestSuite(TestCaseMain.java:157)\r\n\tat com.kms.katalon.core.main.TestCaseMain$startTestSuite$0.call(Unknown Source)\r\n\tat TempTestSuite1563567151922.run(TempTestSuite1563567151922.groovy:35)\r\nCaused by: groovy.lang.MissingPropertyException: No such property: KeywordUtil for class: Script1563205197765\r\n\tat validar response mi inmueble (CUIT).run(validar response mi inmueble (CUIT):40)\r\n\tat com.kms.katalon.core.main.ScriptEngine.run(ScriptEngine.java:194)\r\n\tat com.kms.katalon.core.main.ScriptEngine.runScriptAsRawText(ScriptEngine.java:119)\r\n\tat com.kms.katalon.core.main.TestCaseExecutor.runScript(TestCaseExecutor.java:337)\r\n\tat com.kms.katalon.core.main.TestCaseExecutor.doExecute(TestCaseExecutor.java:328)\r\n\tat com.kms.katalon.core.main.TestCaseExecutor.processExecutionPhase(TestCaseExecutor.java:307)\r\n\tat com.kms.katalon.core.main.TestCaseExecutor.accessMainPhase(TestCaseExecutor.java:299)\r\n\tat com.kms.katalon.core.main.TestCaseExecutor.execute(TestCaseExecutor.java:233)\r\n\tat com.kms.katalon.core.main.TestCaseMain.runTestCase(TestCaseMain.java:114)\r\n\tat com.kms.katalon.core.keyword.builtin.CallTestCaseKeyword$_callTestCase_closure1.doCall(CallTestCaseKeyword.groovy:59)\r\n\t... 20 more\r\n</message>
  <exception>
    <message>com.kms.katalon.core.exception.StepErrorException: Call Test Case 'Test Cases/WSInmuebles/validar response mi inmueble (CUIT)' failed because of error(s)</message>
    <frame>
      <class>com.kms.katalon.core.keyword.builtin.CallTestCaseKeyword$_callTestCase_closure1</class>
      <method>doCall</method>
      <line>66</line>
    </frame>
    <frame>
      <class>com.kms.katalon.core.keyword.builtin.CallTestCaseKeyword$_callTestCase_closure1</class>
      <method>call</method>
    </frame>
    <frame>
      <class>com.kms.katalon.core.keyword.internal.KeywordMain</class>
      <method>runKeyword</method>
      <line>68</line>
    </frame>
    <frame>
      <class>com.kms.katalon.core.keyword.builtin.CallTestCaseKeyword</class>
      <method>callTestCase</method>
      <line>81</line>
    </frame>
    <frame>
      <class>com.kms.katalon.core.keyword.builtin.CallTestCaseKeyword</class>
      <method>execute</method>
      <line>44</line>
    </frame>
    <frame>
      <class>com.kms.katalon.core.keyword.internal.KeywordExecutor</class>
      <method>executeKeywordForPlatform</method>
      <line>56</line>
    </frame>
    <frame>
      <class>com.kms.katalon.core.keyword.BuiltinKeywords</class>
      <method>callTestCase</method>
      <line>334</line>
    </frame>
    <frame>
      <class>afip mi inmueble ok (CUIT)</class>
      <method>run</method>
      <line>25</line>
    </frame>
    <frame>
      <class>com.kms.katalon.core.main.ScriptEngine</class>
      <method>run</method>
      <line>194</line>
    </frame>
    <frame>
      <class>com.kms.katalon.core.main.ScriptEngine</class>
      <method>runScriptAsRawText</method>
      <line>119</line>
    </frame>
    <frame>
      <class>com.kms.katalon.core.main.TestCaseExecutor</class>
      <method>runScript</method>
      <line>337</line>
    </frame>
    <frame>
      <class>com.kms.katalon.core.main.TestCaseExecutor</class>
      <method>doExecute</method>
      <line>328</line>
    </frame>
    <frame>
      <class>com.kms.katalon.core.main.TestCaseExecutor</class>
      <method>processExecutionPhase</method>
      <line>307</line>
    </frame>
    <frame>
      <class>com.kms.katalon.core.main.TestCaseExecutor</class>
      <method>accessMainPhase</method>
      <line>299</line>
    </frame>
    <frame>
      <class>com.kms.katalon.core.main.TestCaseExecutor</class>
      <method>execute</method>
      <line>233</line>
    </frame>
    <frame>
      <class>com.kms.katalon.core.main.TestSuiteExecutor</class>
      <method>accessTestCaseMainPhase</method>
      <line>133</line>
    </frame>
    <frame>
      <class>com.kms.katalon.core.main.TestSuiteExecutor</class>
      <method>accessTestSuiteMainPhase</method>
      <line>116</line>
    </frame>
    <frame>
      <class>com.kms.katalon.core.main.TestSuiteExecutor</class>
      <method>execute</method>
      <line>83</line>
    </frame>
    <frame>
      <class>com.kms.katalon.core.main.TestCaseMain</class>
      <method>startTestSuite</method>
      <line>157</line>
    </frame>
    <frame>
      <class>com.kms.katalon.core.main.TestCaseMain$startTestSuite$0</class>
      <method>call</method>
    </frame>
    <frame>
      <class>TempTestSuite1563567151922</class>
      <method>run</method>
      <line>35</line>
    </frame>
  </exception>
  <nestedLevel>0</nestedLevel>
  <property name="failed.exception.stacktrace">groovy.lang.MissingPropertyException: No such property: KeywordUtil for class: Script1563205197765\r\n\tat validar response mi inmueble (CUIT).run(validar response mi inmueble (CUIT):40)\r\n\tat com.kms.katalon.core.main.ScriptEngine.run(ScriptEngine.java:194)\r\n\tat com.kms.katalon.core.main.ScriptEngine.runScriptAsRawText(ScriptEngine.java:119)\r\n\tat com.kms.katalon.core.main.TestCaseExecutor.runScript(TestCaseExecutor.java:337)\r\n\tat com.kms.katalon.core.main.TestCaseExecutor.doExecute(TestCaseExecutor.java:328)\r\n\tat com.kms.katalon.core.main.TestCaseExecutor.processExecutionPhase(TestCaseExecutor.java:307)\r\n\tat com.kms.katalon.core.main.TestCaseExecutor.accessMainPhase(TestCaseExecutor.java:299)\r\n\tat com.kms.katalon.core.main.TestCaseExecutor.execute(TestCaseExecutor.java:233)\r\n\tat com.kms.katalon.core.main.TestCaseMain.runTestCase(TestCaseMain.java:114)\r\n\tat com.kms.katalon.core.keyword.builtin.CallTestCaseKeyword$_callTestCase_closure1.doCall(CallTestCaseKeyword.groovy:59)\r\n\tat com.kms.katalon.core.keyword.builtin.CallTestCaseKeyword$_callTestCase_closure1.call(CallTestCaseKeyword.groovy)\r\n\tat com.kms.katalon.core.keyword.internal.KeywordMain.runKeyword(KeywordMain.groovy:68)\r\n\tat com.kms.katalon.core.keyword.builtin.CallTestCaseKeyword.callTestCase(CallTestCaseKeyword.groovy:81)\r\n\tat com.kms.katalon.core.keyword.builtin.CallTestCaseKeyword.execute(CallTestCaseKeyword.groovy:44)\r\n\tat com.kms.katalon.core.keyword.internal.KeywordExecutor.executeKeywordForPlatform(KeywordExecutor.groovy:56)\r\n\tat com.kms.katalon.core.keyword.BuiltinKeywords.callTestCase(BuiltinKeywords.groovy:334)\r\n\tat afip mi inmueble ok (CUIT).run(afip mi inmueble ok (CUIT):25)\r\n\tat com.kms.katalon.core.main.ScriptEngine.run(ScriptEngine.java:194)\r\n\tat com.kms.katalon.core.main.ScriptEngine.runScriptAsRawText(ScriptEngine.java:119)\r\n\tat com.kms.katalon.core.main.TestCaseExecutor.runScript(TestCaseExecutor.java:337)\r\n\tat com.kms.katalon.core.main.TestCaseExecutor.doExecute(TestCaseExecutor.java:328)\r\n\tat com.kms.katalon.core.main.TestCaseExecutor.processExecutionPhase(TestCaseExecutor.java:307)\r\n\tat com.kms.katalon.core.main.TestCaseExecutor.accessMainPhase(TestCaseExecutor.java:299)\r\n\tat com.kms.katalon.core.main.TestCaseExecutor.execute(TestCaseExecutor.java:233)\r\n\tat com.kms.katalon.core.main.TestSuiteExecutor.accessTestCaseMainPhase(TestSuiteExecutor.java:133)\r\n\tat com.kms.katalon.core.main.TestSuiteExecutor.accessTestSuiteMainPhase(TestSuiteExecutor.java:116)\r\n\tat com.kms.katalon.core.main.TestSuiteExecutor.execute(TestSuiteExecutor.java:83)\r\n\tat com.kms.katalon.core.main.TestCaseMain.startTestSuite(TestCaseMain.java:157)\r\n\tat com.kms.katalon.core.main.TestCaseMain$startTestSuite$0.call(Unknown Source)\r\n\tat TempTestSuite1563567151922.run(TempTestSuite1563567151922.groovy:35)\r\n</property>
  <property name="failed.exception.class">groovy.lang.MissingPropertyException</property>
  <property name="failed.exception.message">No such property: KeywordUtil for class: Script1563205197765</property>
</record>
<record>
  <date>2019-07-19T17:12:39</date>
  <millis>1563567159962</millis>
  <sequence>124</sequence>
  <level>END</level>
  <class>com.kms.katalon.core.logging.XmlKeywordLogger</class>
  <method>endTest</method>
  <thread>1</thread>
  <message>End Test Case : Test Cases/WSInmuebles/afip mi inmueble ok (CUIT)</message>
  <nestedLevel>0</nestedLevel>
</record>
<record>
  <date>2019-07-19T17:12:40</date>
  <millis>1563567160032</millis>
  <sequence>125</sequence>
  <level>END</level>
  <class>com.kms.katalon.core.logging.XmlKeywordLogger</class>
  <method>endSuite</method>
  <thread>1</thread>
  <message>End Test Suite : Test Suites/WSInmuebles/TS inmueble (CUIT)</message>
  <nestedLevel>0</nestedLevel>
</record>
</log>
